
<<<<<<< Updated upstream
<<<<<<< Updated upstream
2026-03-04T20:11:13+0000  e-unit                     Command ‘git clone https\://codeberg.org/Trevoke/e-unit.el /home/runner/work/jcs-elpa/jcs-elpa/.github-elpa-working/e-unit/’ exited with non-zero exit-code: 128
=======
2026-03-04T20:11:20+0000  tree-sitter-indent         Command ‘git clone https\://codeberg.org/FelipeLema/tree-sitter-indent.el /home/runner/work/jcs-elpa/jcs-elpa/.github-elpa-working/tree-sitter-indent/’ exited with non-zero exit-code: 128
>>>>>>> Stashed changes
=======
2026-03-04T20:11:14+0000  gas-mode                   Command ‘git clone https\://codeberg.org/Enocstocks/gas-mode.el /home/runner/work/jcs-elpa/jcs-elpa/.github-elpa-working/gas-mode/’ exited with non-zero exit-code: 128
>>>>>>> Stashed changes
<<<<<<< Updated upstream
<<<<<<< Updated upstream
2026-03-04T21:11:25+0000  gas-mode                   Command ‘git clone https\://codeberg.org/Enocstocks/gas-mode.el /home/runner/work/jcs-elpa/jcs-elpa/.github-elpa-working/gas-mode/’ exited with non-zero exit-code: 128
=======
2026-03-04T21:11:31+0000  tree-sitter-indent         Command ‘git clone https\://codeberg.org/FelipeLema/tree-sitter-indent.el /home/runner/work/jcs-elpa/jcs-elpa/.github-elpa-working/tree-sitter-indent/’ exited with non-zero exit-code: 128
>>>>>>> Stashed changes
=======
2026-03-04T21:11:28+0000  e-unit                     Command ‘git clone https\://codeberg.org/Trevoke/e-unit.el /home/runner/work/jcs-elpa/jcs-elpa/.github-elpa-working/e-unit/’ exited with non-zero exit-code: 128
>>>>>>> Stashed changes
<<<<<<< Updated upstream
2026-03-04T22:10:00+0000  tree-sitter-indent         Command ‘git clone https\://codeberg.org/FelipeLema/tree-sitter-indent.el /home/runner/work/jcs-elpa/jcs-elpa/.github-elpa-working/tree-sitter-indent/’ exited with non-zero exit-code: 128
=======
2026-03-04T22:09:55+0000  gas-mode                   Command ‘git clone https\://codeberg.org/Enocstocks/gas-mode.el /home/runner/work/jcs-elpa/jcs-elpa/.github-elpa-working/gas-mode/’ exited with non-zero exit-code: 128
>>>>>>> Stashed changes
